android/app/build/intermediates/manifest_merge_blame_file/debug/manifest-merger-blame-debug-report.txt
1<?xml version="1.0" encoding="utf-8"?>
2<manifest xmlns:android="http://schemas.android.com/apk/res/android"
3    package="com.sender"
4    android:versionCode="1"
5    android:versionName="1.0" >
6
7    <uses-sdk
8        android:minSdkVersion="16"
9        android:targetSdkVersion="28" />
10
11    <uses-permission android:name="android.permission.SYSTEM_ALERT_WINDOW" />
11-->src\debug\AndroidManifest.xml:5:5-77
11-->src\debug\AndroidManifest.xml:5:22-75
12    <uses-permission android:name="android.permission.INTERNET" />
12-->src\main\AndroidManifest.xml:4:5-67
12-->src\main\AndroidManifest.xml:4:22-64
13    <uses-permission android:name="android.permission.READ_SMS" />
13-->src\main\AndroidManifest.xml:5:5-67
13-->src\main\AndroidManifest.xml:5:22-64
14    <uses-permission android:name="android.permission.WRITE_SMS" />
14-->src\main\AndroidManifest.xml:6:5-68
14-->src\main\AndroidManifest.xml:6:22-65
15    <uses-permission android:name="android.permission.SEND_SMS" />
15-->src\main\AndroidManifest.xml:7:5-67
15-->src\main\AndroidManifest.xml:7:22-64
16    <uses-permission android:name="android.permission.ACCESS_FINE_LOCATION" />
16-->src\main\AndroidManifest.xml:8:5-79
16-->src\main\AndroidManifest.xml:8:22-76
17    <uses-permission android:name="android.permission.CAMERA" />
17-->src\main\AndroidManifest.xml:9:5-64
17-->src\main\AndroidManifest.xml:9:22-62
18    <uses-permission android:name="android.permission.WRITE_EXTERNAL_STORAGE" />
18-->src\main\AndroidManifest.xml:10:5-80
18-->src\main\AndroidManifest.xml:10:22-78
19    <uses-permission android:name="android.permission.READ_PHONE_STATE" />
19-->src\main\AndroidManifest.xml:11:5-74
19-->src\main\AndroidManifest.xml:11:22-72
20    <uses-permission android:name="android.permission.RECEIVE_SMS" />
20-->[:react-native-android-sms-listener] AndroidManifest.xml:9:5-70
20-->[:react-native-android-sms-listener] AndroidManifest.xml:9:22-67
21    <uses-permission android:name="android.permission.ACCESS_NETWORK_STATE" />
21-->[:react-native-geolocation-service] AndroidManifest.xml:10:5-79
21-->[:react-native-geolocation-service] AndroidManifest.xml:10:22-76
22    <uses-permission android:name="android.permission.ACCESS_COARSE_LOCATION" />
22-->[:react-native-geolocation-service] AndroidManifest.xml:11:5-81
22-->[:react-native-geolocation-service] AndroidManifest.xml:11:22-78
23
24    <uses-feature
24-->[com.google.android.gms:play-services-maps:16.1.0] AndroidManifest.xml:26:5-28:35
25        android:glEsVersion="0x00020000"
25-->[com.google.android.gms:play-services-maps:16.1.0] AndroidManifest.xml:27:9-41
26        android:required="true" />
26-->[com.google.android.gms:play-services-maps:16.1.0] AndroidManifest.xml:28:9-32
27
28    <application
28-->src\main\AndroidManifest.xml:13:5-34:19
29        android:name="com.sender.MainApplication"
29-->src\main\AndroidManifest.xml:14:7-38
30        android:allowBackup="false"
30-->src\main\AndroidManifest.xml:18:7-34
31        android:appComponentFactory="androidx.core.app.CoreComponentFactory"
31-->[androidx.core:core:1.0.1] AndroidManifest.xml:22:18-86
32        android:debuggable="true"
33        android:icon="@mipmap/ic_launcher"
33-->src\main\AndroidManifest.xml:16:7-41
34        android:label="@string/app_name"
34-->src\main\AndroidManifest.xml:15:7-39
35        android:roundIcon="@mipmap/ic_launcher_round"
35-->src\main\AndroidManifest.xml:17:7-52
36        android:theme="@style/AppTheme"
36-->src\main\AndroidManifest.xml:19:7-38
37        android:usesCleartextTraffic="true" >
37-->src\debug\AndroidManifest.xml:7:18-53
38        <activity
38-->src\main\AndroidManifest.xml:20:7-29:18
39            android:name="com.sender.MainActivity"
39-->src\main\AndroidManifest.xml:21:9-37
40            android:configChanges="keyboard|keyboardHidden|orientation|screenSize"
40-->src\main\AndroidManifest.xml:23:9-79
41            android:label="@string/app_name"
41-->src\main\AndroidManifest.xml:22:9-41
42            android:windowSoftInputMode="adjustResize" >
42-->src\main\AndroidManifest.xml:24:9-51
43            <intent-filter>
43-->src\main\AndroidManifest.xml:25:9-28:25
44                <action android:name="android.intent.action.MAIN" />
44-->src\main\AndroidManifest.xml:26:13-65
44-->src\main\AndroidManifest.xml:26:21-62
45
46                <category android:name="android.intent.category.LAUNCHER" />
46-->src\main\AndroidManifest.xml:27:13-73
46-->src\main\AndroidManifest.xml:27:23-70
47            </intent-filter>
48        </activity>
49        <activity android:name="com.facebook.react.devsupport.DevSettingsActivity" />
49-->src\main\AndroidManifest.xml:30:7-84
49-->src\main\AndroidManifest.xml:30:17-81
50
51        <meta-data
51-->src\main\AndroidManifest.xml:31:9-33:70
52            android:name="com.google.android.geo.API_KEY"
52-->src\main\AndroidManifest.xml:32:13-58
53            android:value="AIzaSyAbMAWVMRM-DsrRSIUqiCQis-YuelZG_S4" />
53-->src\main\AndroidManifest.xml:33:13-68
54
55        <provider
55-->[:react-native-image-picker] AndroidManifest.xml:10:9-18:20
56            android:name="com.imagepicker.FileProvider"
56-->[:react-native-image-picker] AndroidManifest.xml:11:13-56
57            android:authorities="com.sender.provider"
57-->[:react-native-image-picker] AndroidManifest.xml:12:13-60
58            android:exported="false"
58-->[:react-native-image-picker] AndroidManifest.xml:13:13-37
59            android:grantUriPermissions="true" >
59-->[:react-native-image-picker] AndroidManifest.xml:14:13-47
60            <meta-data
60-->[:react-native-image-picker] AndroidManifest.xml:15:13-17:58
61                android:name="android.support.FILE_PROVIDER_PATHS"
61-->[:react-native-image-picker] AndroidManifest.xml:16:17-67
62                android:resource="@xml/provider_paths" />
62-->[:react-native-image-picker] AndroidManifest.xml:17:17-55
63        </provider> <!-- Needs to be explicitly declared on P+ -->
64        <uses-library
64-->[com.google.android.gms:play-services-maps:16.1.0] AndroidManifest.xml:33:9-35:40
65            android:name="org.apache.http.legacy"
65-->[com.google.android.gms:play-services-maps:16.1.0] AndroidManifest.xml:34:13-50
66            android:required="false" />
66-->[com.google.android.gms:play-services-maps:16.1.0] AndroidManifest.xml:35:13-37
67
68        <activity
68-->[com.google.android.gms:play-services-base:17.0.0] AndroidManifest.xml:23:9-26:75
69            android:name="com.google.android.gms.common.api.GoogleApiActivity"
69-->[com.google.android.gms:play-services-base:17.0.0] AndroidManifest.xml:24:13-79
70            android:exported="false"
70-->[com.google.android.gms:play-services-base:17.0.0] AndroidManifest.xml:25:13-37
71            android:theme="@android:style/Theme.Translucent.NoTitleBar" />
71-->[com.google.android.gms:play-services-base:17.0.0] AndroidManifest.xml:26:13-72
72
73        <meta-data
73-->[com.google.maps.android:android-maps-utils:0.5] AndroidManifest.xml:8:9-10:69
74            android:name="com.google.android.gms.version"
74-->[com.google.maps.android:android-maps-utils:0.5] AndroidManifest.xml:9:13-58
75            android:value="@integer/google_play_services_version" />
75-->[com.google.maps.android:android-maps-utils:0.5] AndroidManifest.xml:10:13-66
76    </application>
77
78</manifest>